timestamp,service,level,message
2026-03-24 18:18:00,notifications,WARN,User logged in
2026-03-24 18:18:00,user,INFO,Transaction completed
2026-03-24 18:18:00,recommendation,INFO,Connection established
2026-03-24 18:18:00,payment,INFO,Notification delivered
2026-03-24 18:18:00,auth,INFO,User logged in
2026-03-24 18:18:00,inventory,INFO,Request processed successfully
2026-03-24 18:18:00,inventory,INFO,Cache hit
2026-03-24 18:18:00,inventory,INFO,Data retrieved
2026-03-24 18:18:00,inventory,INFO,Cache list
2026-03-24 18:18:00,orders,INFO,Request processed successfully
2026-03-24 18:18:00,orders,WARN,Request processed successfully
2026-03-24 18:18:00,orders,INFO,Operation completed
2026-03-24 18:18:00,payment,WARN,Transaction completed
2026-03-24 18:18:00,payment,INFO,Connection established
2026-03-24 18:18:00,inventory,INFO,Cache hit
2026-03-24 18:18:00,orders,ERROR,Null pointer exception
2026-03-24 18:18:00,user,INFO,Connection established
2026-03-24 18:18:00,payment,WARN,Cache list
2026-03-24 18:18:00,user,INFO,Connection established
2026-03-24 18:18:00,analytics,INFO,Request processed successfully
2026-03-24 18:18:00,recommendation,INFO,Connection established
2026-03-24 18:18:00,notifications,INFO,Notification delivered
2026-03-24 18:18:00,orders,INFO,Cache list
2026-03-24 18:18:00,payment,INFO,Operation completed
2026-03-24 18:18:00,search,INFO,Email sent
2026-03-24 18:18:00,recommendation,ERROR,Failed to process request
2026-03-24 18:18:00,recommendation,INFO,Notification delivered
2026-03-24 18:18:00,user,INFO,Cache list
2026-03-24 18:18:00,shipping,DEBUG,Notification delivered
2026-03-24 18:18:00,notifications,INFO,Cache hit
2026-03-24 18:18:00,recommendation,INFO,Email sent
2026-03-24 18:18:00,analytics,INFO,Cache hit
2026-03-24 18:18:00,analytics,INFO,Cache hit
2026-03-24 18:18:00,shipping,WARN,Cache list
2026-03-24 18:18:00,orders,INFO,Cache hit
2026-03-24 18:18:00,orders,WARN,Operation completed
2026-03-24 18:18:00,orders,INFO,User logged in
2026-03-24 18:18:00,recommendation,INFO,Transaction completed
2026-03-24 18:18:00,payment,WARN,Notification delivered
2026-03-24 18:18:00,payment,WARN,Notification delivered
2026-03-24 18:18:00,orders,INFO,Cache hit
2026-03-24 18:18:00,inventory,INFO,Data retrieved
2026-03-24 18:18:00,inventory,INFO,Cache hit
2026-03-24 18:18:00,payment,INFO,Transaction completed
2026-03-24 18:18:00,orders,INFO,Notification delivered
2026-03-24 18:18:00,inventory,INFO,Cache list
2026-03-24 18:18:00,recommendation,ERROR,Database connection failed
2026-03-24 18:18:00,search,INFO,User logged in
2026-03-24 18:18:00,notifications,ERROR,Disk full
2026-03-24 18:18:00,recommendation,DEBUG,Request processed successfully
2026-03-24 18:18:00,auth,ERROR,Timeout occurred
2026-03-24 18:18:00,auth,ERROR,Out of memory
2026-03-24 18:18:00,auth,ERROR,Failed to process request
2026-03-24 18:18:00,auth,ERROR,Database connection failed
2026-03-24 18:18:00,auth,ERROR,Timeout occurred
2026-03-24 18:18:00,auth,ERROR,Data validation error
2026-03-24 18:18:00,auth,ERROR,Database connection failed
2026-03-24 18:18:00,auth,ERROR,Null pointer exception
2026-03-24 18:18:00,auth,ERROR,Data validation error
2026-03-24 18:18:00,auth,ERROR,Unauthorized access attempt
2026-03-24 18:18:00,auth,ERROR,Null pointer exception
2026-03-24 18:18:00,auth,ERROR,Null pointer exception
2026-03-24 18:18:00,auth,ERROR,Out of memory
2026-03-24 18:18:00,auth,ERROR,Disk full
2026-03-24 18:18:00,auth,ERROR,Database connection failed
2026-03-24 18:18:00,auth,ERROR,Timeout occurred
2026-03-24 18:18:00,auth,ERROR,Timeout occurred
2026-03-24 18:18:00,auth,ERROR,API rate limit exceeded
2026-03-24 18:18:00,auth,ERROR,Out of memory
2026-03-24 18:18:00,auth,ERROR,Null pointer exception
2026-03-24 18:18:00,auth,ERROR,Timeout occurred
2026-03-24 18:18:00,auth,ERROR,Service unavailable
2026-03-24 18:18:00,auth,ERROR,Timeout occurred
2026-03-24 18:18:00,auth,ERROR,Database connection failed
2026-03-24 18:18:00,auth,ERROR,Failed to process request
2026-03-24 18:18:00,auth,ERROR,Service unavailable
2026-03-24 18:18:00,auth,ERROR,Data validation error
2026-03-24 18:18:00,auth,ERROR,Unauthorized access attempt
2026-03-24 18:18:00,auth,ERROR,Out of memory
2026-03-24 18:18:00,auth,ERROR,Service unavailable
2026-03-24 18:18:00,auth,ERROR,Data validation error
2026-03-24 18:18:00,auth,ERROR,Null pointer exception
2026-03-24 18:18:00,auth,ERROR,Service unavailable
2026-03-24 18:18:00,auth,ERROR,Null pointer exception
2026-03-24 18:18:00,auth,ERROR,Service unavailable
2026-03-24 18:18:00,auth,ERROR,Database connection failed
2026-03-24 18:18:00,auth,ERROR,Null pointer exception
2026-03-24 18:18:00,auth,ERROR,Service unavailable
2026-03-24 18:18:00,auth,ERROR,Unauthorized access attempt
2026-03-24 18:18:00,auth,ERROR,API rate limit exceeded
2026-03-24 18:18:00,auth,ERROR,Database connection failed
2026-03-24 18:18:00,auth,ERROR,Out of memory
2026-03-24 18:18:00,auth,ERROR,Unauthorized access attempt
2026-03-24 18:18:00,auth,ERROR,Failed to process request
2026-03-24 18:18:00,auth,ERROR,Service unavailable
2026-03-24 18:18:00,auth,ERROR,Out of memory
2026-03-24 18:18:00,auth,ERROR,Data validation error
2026-03-24 18:18:00,auth,ERROR,Service unavailable
2026-03-24 18:18:00,auth,ERROR,Timeout occurred
2026-03-24 18:18:00,auth,ERROR,Failed to process request
2026-03-24 18:18:00,auth,ERROR,Null pointer exception
2026-03-24 18:18:00,auth,ERROR,Out of memory
2026-03-24 18:18:00,auth,ERROR,Out of memory
2026-03-24 18:18:00,auth,ERROR,Unauthorized access attempt
2026-03-24 18:18:00,auth,ERROR,Failed to process request
2026-03-24 18:18:00,auth,ERROR,Service unavailable
2026-03-24 18:18:00,auth,ERROR,Timeout occurred
